2021-03-02 01:26:18 INFO  Lab3Test:28 - saveSuccess
2021-03-02 01:27:57 INFO  Lab3Test:28 - saveSuccess
2021-03-02 01:35:20 INFO  Lab3Test:28 - saveSuccess
2021-03-02 01:41:15 INFO  Lab3Test:28 - saveSuccess
2021-03-02 01:45:04 INFO  Lab3Test:28 - saveSuccess
2021-03-02 01:45:56 INFO  Lab3Test:28 - saveSuccess
2021-03-02 01:47:21 INFO  Lab3Test:28 - saveSuccess
2021-03-02 01:48:34 INFO  Lab3Test:28 - saveSuccess
2021-03-02 01:49:04 INFO  Lab3Test:28 - saveSuccess
2021-03-02 01:50:07 INFO  Lab3Test:28 - saveSuccess
2021-03-02 01:51:44 INFO  Lab3Test:28 - saveSuccess
2021-03-02 01:51:49 DEBUG Lab3Test:35 - Author{id=1, firstName='Виктор', secondName='Иванович', lastName='Ткач', phone='83456789012', email='tkach@gmail.com', degree='docent', organization='Donstu'}
2021-03-02 01:51:49 DEBUG Lab3Test:36 - Employee{id=2, firstName='Иван', secondName='Иванович', lastName='Иванов', phone='81234567890'inn='123456789012', workRecordBook='1234567', emplpyeeType=CHIEF}
2021-03-02 01:55:07 INFO  Lab3Test:43 - GetByIdFail
2021-03-02 01:58:13 INFO  Lab3Test:50 - DeleteSuccess
2021-03-02 01:58:17 DEBUG Lab3Test:57 - Author{id=1, firstName='Виктор', secondName='Иванович', lastName='Ткач', phone='83456789012', email='tkach@gmail.com', degree='docent', organization='Donstu'}
2021-03-02 01:58:17 DEBUG Lab3Test:58 - Employee{id=2, firstName='Иван', secondName='Иванович', lastName='Иванов', phone='81234567890'inn='123456789012', workRecordBook='1234567', emplpyeeType=CHIEF}
2021-03-02 01:58:17 DEBUG Lab3Test:61 - true
2021-03-02 01:58:17 DEBUG Lab3Test:62 - true
2021-03-02 02:03:48 INFO  Lab3Test:71 - DeleteFail
2021-03-02 02:03:48 INFO  Lab3Test:72 - DeleteSuccess
2021-03-02 02:03:52 DEBUG Lab3Test:77 - false
2021-03-02 02:10:37 INFO  Lab3Test:86 - UpdateSuccess
2021-03-02 02:10:40 DEBUG Lab3Test:97 - true
2021-03-02 02:10:40 DEBUG Lab3Test:98 - true
2021-03-02 02:21:48 INFO  Lab3Test:107 - UpdateFail
2021-03-02 02:26:45 INFO  Lab3Test:124 - ReadSuccess
2021-03-02 02:28:08 INFO  Lab3Test:143 - ReadFail
2021-03-02 02:31:18 INFO  Lab3Test:103 - UpdateFail
2021-03-02 02:31:22 INFO  Lab3Test:82 - UpdateSuccess
2021-03-02 02:31:22 DEBUG Lab3Test:93 - true
2021-03-02 02:31:22 DEBUG Lab3Test:94 - true
2021-03-02 02:31:22 INFO  Lab3Test:46 - DeleteSuccess
2021-03-02 02:31:22 DEBUG Lab3Test:53 - Author{id=5, firstName='Виктор', secondName='Иванович', lastName='Ткач', phone='83456789012', email='tkach@gmail.com', degree='docent', organization='Donstu'}
2021-03-02 02:31:22 DEBUG Lab3Test:54 - Employee{id=6, firstName='Иван', secondName='Иванович', lastName='Иванов', phone='81234567890'inn='123456789012', workRecordBook='1234567', emplpyeeType=CHIEF}
2021-03-02 02:31:22 DEBUG Lab3Test:57 - true
2021-03-02 02:31:22 DEBUG Lab3Test:58 - true
2021-03-02 02:31:22 INFO  Lab3Test:139 - ReadFail
2021-03-02 02:31:22 INFO  Lab3Test:120 - ReadSuccess
2021-03-02 02:31:22 INFO  Lab3Test:67 - DeleteFail
2021-03-02 02:31:22 INFO  Lab3Test:68 - DeleteSuccess
2021-03-02 02:31:22 DEBUG Lab3Test:73 - false
2021-03-02 02:31:22 INFO  Lab3Test:24 - saveSuccess
2021-03-02 02:31:22 DEBUG Lab3Test:31 - Author{id=11, firstName='Виктор', secondName='Иванович', lastName='Ткач', phone='83456789012', email='tkach@gmail.com', degree='docent', organization='Donstu'}
2021-03-02 02:31:22 DEBUG Lab3Test:32 - Employee{id=12, firstName='Иван', secondName='Иванович', lastName='Иванов', phone='81234567890'inn='123456789012', workRecordBook='1234567', emplpyeeType=CHIEF}
2021-03-02 02:31:22 INFO  Lab3Test:39 - GetByIdFail
2021-03-02 02:39:19 INFO  Lab3Test:103 - UpdateFail
2021-03-02 02:39:23 INFO  Lab3Test:82 - UpdateSuccess
2021-03-02 02:39:23 DEBUG Lab3Test:93 - true
2021-03-02 02:39:23 DEBUG Lab3Test:94 - true
2021-03-02 02:39:23 INFO  Lab3Test:46 - DeleteSuccess
2021-03-02 02:39:23 DEBUG Lab3Test:53 - Author{id=5, firstName='Виктор', secondName='Иванович', lastName='Ткач', phone='83456789012', email='tkach@gmail.com', degree='docent', organization='Donstu'}
2021-03-02 02:39:23 DEBUG Lab3Test:54 - Employee{id=6, firstName='Иван', secondName='Иванович', lastName='Иванов', phone='81234567890'inn='123456789012', workRecordBook='1234567', emplpyeeType=CHIEF}
2021-03-02 02:39:23 DEBUG Lab3Test:57 - true
2021-03-02 02:39:23 DEBUG Lab3Test:58 - true
2021-03-02 02:39:23 INFO  Lab3Test:139 - ReadFail
2021-03-02 02:39:24 INFO  Lab3Test:120 - ReadSuccess
2021-03-02 02:39:24 INFO  Lab3Test:67 - DeleteFail
2021-03-02 02:39:24 INFO  Lab3Test:68 - DeleteSuccess
2021-03-02 02:39:24 DEBUG Lab3Test:73 - false
2021-03-02 02:39:24 INFO  Lab3Test:24 - saveSuccess
2021-03-02 02:39:24 DEBUG Lab3Test:31 - Author{id=11, firstName='Виктор', secondName='Иванович', lastName='Ткач', phone='83456789012', email='tkach@gmail.com', degree='docent', organization='Donstu'}
2021-03-02 02:39:24 DEBUG Lab3Test:32 - Employee{id=12, firstName='Иван', secondName='Иванович', lastName='Иванов', phone='81234567890'inn='123456789012', workRecordBook='1234567', emplpyeeType=CHIEF}
2021-03-02 02:39:24 INFO  Lab3Test:39 - GetByIdFail
2021-03-02 02:43:12 INFO  Lab3Test:102 - UpdateFail
2021-03-02 02:43:16 INFO  Lab3Test:81 - UpdateSuccess
2021-03-02 02:43:16 DEBUG Lab3Test:92 - true
2021-03-02 02:43:16 DEBUG Lab3Test:93 - true
2021-03-02 02:43:16 INFO  Lab3Test:45 - DeleteSuccess
2021-03-02 02:43:16 DEBUG Lab3Test:52 - Author{id=5, firstName='Виктор', secondName='Иванович', lastName='Ткач', phone='83456789012', email='tkach@gmail.com', degree='docent', organization='Donstu'}
2021-03-02 02:43:16 DEBUG Lab3Test:53 - Employee{id=6, firstName='Иван', secondName='Иванович', lastName='Иванов', phone='81234567890'inn='123456789012', workRecordBook='1234567', emplpyeeType=CHIEF}
2021-03-02 02:43:16 DEBUG Lab3Test:56 - true
2021-03-02 02:43:16 DEBUG Lab3Test:57 - true
2021-03-02 02:43:16 INFO  Lab3Test:138 - ReadFail
2021-03-02 02:43:16 INFO  Lab3Test:119 - ReadSuccess
2021-03-02 02:43:17 INFO  Lab3Test:66 - DeleteFail
2021-03-02 02:43:17 INFO  Lab3Test:67 - DeleteSuccess
2021-03-02 02:43:17 DEBUG Lab3Test:72 - false
2021-03-02 02:43:17 INFO  Lab3Test:23 - saveSuccess
2021-03-02 02:43:17 DEBUG Lab3Test:30 - Author{id=11, firstName='Виктор', secondName='Иванович', lastName='Ткач', phone='83456789012', email='tkach@gmail.com', degree='docent', organization='Donstu'}
2021-03-02 02:43:17 DEBUG Lab3Test:31 - Employee{id=12, firstName='Иван', secondName='Иванович', lastName='Иванов', phone='81234567890'inn='123456789012', workRecordBook='1234567', emplpyeeType=CHIEF}
2021-03-02 02:43:17 INFO  Lab3Test:38 - GetByIdFail
2021-03-02 02:57:33 INFO  MappedSuperclassTest:103 - UpdateFail
2021-03-02 02:57:37 INFO  MappedSuperclassTest:82 - UpdateSuccess
2021-03-02 02:57:37 DEBUG MappedSuperclassTest:93 - true
2021-03-02 02:57:37 DEBUG MappedSuperclassTest:94 - true
2021-03-02 02:57:37 INFO  MappedSuperclassTest:46 - DeleteSuccess
2021-03-02 02:57:37 DEBUG MappedSuperclassTest:53 - Author{id=5, firstName='Виктор', secondName='Иванович', lastName='Ткач', phone='83456789012', email='tkach@gmail.com', degree='docent', organization='Donstu'}
2021-03-02 02:57:37 DEBUG MappedSuperclassTest:54 - Employee{id=6, firstName='Иван', secondName='Иванович', lastName='Иванов', phone='81234567890'inn='123456789012', workRecordBook='1234567', emplpyeeType=CHIEF}
2021-03-02 02:57:37 DEBUG MappedSuperclassTest:57 - true
2021-03-02 02:57:37 DEBUG MappedSuperclassTest:58 - true
2021-03-02 02:57:37 INFO  MappedSuperclassTest:139 - ReadFail
2021-03-02 02:57:38 INFO  MappedSuperclassTest:120 - ReadSuccess
2021-03-02 02:57:38 INFO  MappedSuperclassTest:67 - DeleteFail
2021-03-02 02:57:38 INFO  MappedSuperclassTest:68 - DeleteSuccess
2021-03-02 02:57:38 DEBUG MappedSuperclassTest:73 - false
2021-03-02 02:57:38 INFO  MappedSuperclassTest:24 - saveSuccess
2021-03-02 02:57:38 DEBUG MappedSuperclassTest:31 - Author{id=11, firstName='Виктор', secondName='Иванович', lastName='Ткач', phone='83456789012', email='tkach@gmail.com', degree='docent', organization='Donstu'}
2021-03-02 02:57:38 DEBUG MappedSuperclassTest:32 - Employee{id=12, firstName='Иван', secondName='Иванович', lastName='Иванов', phone='81234567890'inn='123456789012', workRecordBook='1234567', emplpyeeType=CHIEF}
2021-03-02 02:57:38 INFO  MappedSuperclassTest:39 - GetByIdFail
2021-03-02 02:59:29 INFO  TablePerClassTest:103 - UpdateFail
2021-03-02 02:59:33 INFO  TablePerClassTest:82 - UpdateSuccess
2021-03-02 02:59:33 DEBUG TablePerClassTest:93 - true
2021-03-02 02:59:33 DEBUG TablePerClassTest:94 - true
2021-03-02 02:59:34 INFO  TablePerClassTest:46 - DeleteSuccess
2021-03-02 02:59:34 DEBUG TablePerClassTest:53 - Author{id=5, firstName='Виктор', secondName='Иванович', lastName='Ткач', phone='83456789012', email='tkach@gmail.com', degree='docent', organization='Donstu'}
2021-03-02 02:59:34 DEBUG TablePerClassTest:54 - Employee{id=6, firstName='Иван', secondName='Иванович', lastName='Иванов', phone='81234567890'inn='123456789012', workRecordBook='1234567', emplpyeeType=CHIEF}
2021-03-02 02:59:34 DEBUG TablePerClassTest:57 - true
2021-03-02 02:59:34 DEBUG TablePerClassTest:58 - true
2021-03-02 02:59:34 INFO  TablePerClassTest:139 - ReadFail
2021-03-02 02:59:34 INFO  TablePerClassTest:120 - ReadSuccess
2021-03-02 02:59:34 INFO  TablePerClassTest:67 - DeleteFail
2021-03-02 02:59:34 INFO  TablePerClassTest:68 - DeleteSuccess
2021-03-02 02:59:34 DEBUG TablePerClassTest:73 - false
2021-03-02 02:59:34 INFO  TablePerClassTest:24 - saveSuccess
2021-03-02 02:59:34 DEBUG TablePerClassTest:31 - Author{id=11, firstName='Виктор', secondName='Иванович', lastName='Ткач', phone='83456789012', email='tkach@gmail.com', degree='docent', organization='Donstu'}
2021-03-02 02:59:34 DEBUG TablePerClassTest:32 - Employee{id=12, firstName='Иван', secondName='Иванович', lastName='Иванов', phone='81234567890'inn='123456789012', workRecordBook='1234567', emplpyeeType=CHIEF}
2021-03-02 02:59:34 INFO  TablePerClassTest:39 - GetByIdFail
2021-03-02 03:02:41 INFO  TablePerClassTest:101 - UpdateFail
2021-03-02 03:02:45 INFO  TablePerClassTest:80 - UpdateSuccess
2021-03-02 03:02:45 INFO  TablePerClassTest:44 - DeleteSuccess
2021-03-02 03:02:45 INFO  TablePerClassTest:137 - ReadFail
2021-03-02 03:02:45 INFO  TablePerClassTest:118 - ReadSuccess
2021-03-02 03:02:45 INFO  TablePerClassTest:65 - DeleteFail
2021-03-02 03:02:45 INFO  TablePerClassTest:66 - DeleteSuccess
2021-03-02 03:02:45 INFO  TablePerClassTest:22 - saveSuccess
2021-03-02 03:02:45 INFO  TablePerClassTest:37 - GetByIdFail
2021-03-02 03:07:45 INFO  TablePerClassTest:101 - UpdateFail
2021-03-02 03:07:48 INFO  TablePerClassTest:80 - UpdateSuccess
2021-03-02 03:07:48 INFO  TablePerClassTest:44 - DeleteSuccess
2021-03-02 03:07:48 INFO  TablePerClassTest:137 - ReadFail
2021-03-02 03:07:48 INFO  TablePerClassTest:118 - ReadSuccess
2021-03-02 03:07:49 INFO  TablePerClassTest:65 - DeleteFail
2021-03-02 03:07:49 INFO  TablePerClassTest:66 - DeleteSuccess
2021-03-02 03:07:49 INFO  TablePerClassTest:22 - saveSuccess
2021-03-02 03:07:49 INFO  TablePerClassTest:37 - GetByIdFail
2021-03-02 03:09:01 INFO  TablePerClassTest:101 - UpdateFail
2021-03-02 03:09:05 INFO  TablePerClassTest:80 - UpdateSuccess
2021-03-02 03:09:05 DEBUG TablePerClassTest:91 - true
2021-03-02 03:09:05 DEBUG TablePerClassTest:92 - true
2021-03-02 03:09:05 INFO  TablePerClassTest:44 - DeleteSuccess
2021-03-02 03:09:05 DEBUG TablePerClassTest:51 - Author{id=5, firstName='Виктор', secondName='Иванович', lastName='Ткач', phone='83456789012', email='tkach@gmail.com', degree='docent', organization='Donstu'}
2021-03-02 03:09:05 DEBUG TablePerClassTest:52 - Employee{id=6, firstName='Иван', secondName='Иванович', lastName='Иванов', phone='81234567890'inn='123456789012', workRecordBook='1234567', emplpyeeType=CHIEF}
2021-03-02 03:09:05 DEBUG TablePerClassTest:55 - true
2021-03-02 03:09:05 DEBUG TablePerClassTest:56 - true
2021-03-02 03:09:05 INFO  TablePerClassTest:137 - ReadFail
2021-03-02 03:09:05 INFO  TablePerClassTest:118 - ReadSuccess
2021-03-02 03:09:05 INFO  TablePerClassTest:65 - DeleteFail
2021-03-02 03:09:05 INFO  TablePerClassTest:66 - DeleteSuccess
2021-03-02 03:09:05 DEBUG TablePerClassTest:71 - false
2021-03-02 03:09:05 INFO  TablePerClassTest:22 - saveSuccess
2021-03-02 03:09:05 DEBUG TablePerClassTest:29 - Author{id=11, firstName='Виктор', secondName='Иванович', lastName='Ткач', phone='83456789012', email='tkach@gmail.com', degree='docent', organization='Donstu'}
2021-03-02 03:09:05 DEBUG TablePerClassTest:30 - Employee{id=12, firstName='Иван', secondName='Иванович', lastName='Иванов', phone='81234567890'inn='123456789012', workRecordBook='1234567', emplpyeeType=CHIEF}
2021-03-02 03:09:06 INFO  TablePerClassTest:37 - GetByIdFail
2021-03-02 03:11:01 INFO  TablePerClassTest:118 - ReadSuccess
2021-03-02 03:19:43 INFO  TablePerClassTest:118 - ReadSuccess
2021-03-02 03:26:33 INFO  TablePerClassTest:118 - ReadSuccess
2021-03-02 03:28:13 INFO  TablePerClassTest:118 - ReadSuccess
2021-03-02 03:28:18 DEBUG TablePerClassTest:126 - Author{id=1, firstName='Виктор', secondName='Иванович', lastName='Ткач', phone='83456789012', email='tkach@gmail.com', degree='docent', organization='Donstu'}
2021-03-02 03:28:18 DEBUG TablePerClassTest:128 - Employee{id=2, firstName='Иван', secondName='Иванович', lastName='Иванов', phone='81234567890'inn='123456789012', workRecordBook='1234567', emplpyeeType=CHIEF}
2021-03-02 03:28:18 DEBUG TablePerClassTest:131 - []
2021-03-02 03:28:18 DEBUG TablePerClassTest:135 - []
2021-03-02 03:33:37 INFO  TablePerClassTest:118 - ReadSuccess
2021-03-02 03:33:41 DEBUG TablePerClassTest:126 - Author{id=1, firstName='Виктор', secondName='Иванович', lastName='Ткач', phone='83456789012', email='tkach@gmail.com', degree='docent', organization='Donstu'}
2021-03-02 03:33:41 DEBUG TablePerClassTest:128 - Employee{id=2, firstName='Иван', secondName='Иванович', lastName='Иванов', phone='81234567890'inn='123456789012', workRecordBook='1234567', emplpyeeType=CHIEF}
2021-03-02 03:33:41 DEBUG TablePerClassTest:131 - []
2021-03-02 03:33:41 DEBUG TablePerClassTest:135 - []
2021-03-02 04:00:04 INFO  TablePerClassTest:22 - saveSuccess
2021-03-02 04:00:09 DEBUG TablePerClassTest:29 - Author{id=1, firstName='Виктор', secondName='Иванович', lastName='Ткач', phone='83456789012', email='tkach@gmail.com', degree='docent', organization='Donstu'}
2021-03-02 04:00:09 DEBUG TablePerClassTest:30 - Employee{id=2, firstName='Иван', secondName='Иванович', lastName='Иванов', phone='81234567890'inn='123456789012', workRecordBook='1234567', emplpyeeType=CHIEF}
2021-03-02 04:01:16 INFO  TablePerClassTest:22 - saveSuccess
2021-03-02 04:01:20 DEBUG TablePerClassTest:29 - Author{id=1, firstName='Виктор', secondName='Иванович', lastName='Ткач', phone='83456789012', email='tkach@gmail.com', degree='docent', organization='Donstu'}
2021-03-02 04:01:20 DEBUG TablePerClassTest:30 - Employee{id=2, firstName='Иван', secondName='Иванович', lastName='Иванов', phone='81234567890'inn='123456789012', workRecordBook='1234567', emplpyeeType=CHIEF}
2021-03-02 04:01:20 DEBUG TablePerClassTest:31 - []
2021-03-02 04:02:53 INFO  TablePerClassTest:118 - ReadSuccess
2021-03-02 04:02:57 DEBUG TablePerClassTest:126 - Author{id=1, firstName='Виктор', secondName='Иванович', lastName='Ткач', phone='83456789012', email='tkach@gmail.com', degree='docent', organization='Donstu'}
2021-03-02 04:02:57 DEBUG TablePerClassTest:128 - Employee{id=2, firstName='Иван', secondName='Иванович', lastName='Иванов', phone='81234567890'inn='123456789012', workRecordBook='1234567', emplpyeeType=CHIEF}
2021-03-02 04:02:57 DEBUG TablePerClassTest:131 - []
2021-03-02 04:02:57 DEBUG TablePerClassTest:135 - []
2021-03-02 04:05:11 INFO  TablePerClassTest:118 - ReadSuccess
2021-03-02 04:05:15 DEBUG TablePerClassTest:128 - Author{id=1, firstName='Виктор', secondName='Иванович', lastName='Ткач', phone='83456789012', email='tkach@gmail.com', degree='docent', organization='Donstu'}
2021-03-02 04:05:15 DEBUG TablePerClassTest:130 - Employee{id=3, firstName='Иван', secondName='Иванович', lastName='Иванов', phone='81234567890'inn='123456789012', workRecordBook='1234567', emplpyeeType=CHIEF}
2021-03-02 04:05:15 DEBUG TablePerClassTest:133 - []
2021-03-02 04:05:15 DEBUG TablePerClassTest:137 - []
2021-03-02 04:06:43 INFO  TablePerClassTest:118 - ReadSuccess
2021-03-02 04:06:48 DEBUG TablePerClassTest:128 - Author{id=1, firstName='Виктор', secondName='Иванович', lastName='Ткач', phone='83456789012', email='tkach@gmail.com', degree='docent', organization='Donstu'}
2021-03-02 04:06:48 DEBUG TablePerClassTest:130 - Employee{id=3, firstName='Иван', secondName='Иванович', lastName='Иванов', phone='81234567890'inn='123456789012', workRecordBook='1234567', emplpyeeType=CHIEF}
2021-03-02 04:06:48 DEBUG TablePerClassTest:133 - []
2021-03-02 04:06:48 DEBUG TablePerClassTest:137 - []
2021-03-02 04:08:15 INFO  TablePerClassTest:118 - ReadSuccess
2021-03-02 04:08:54 INFO  TablePerClassTest:118 - ReadSuccess
2021-03-02 04:09:27 INFO  TablePerClassTest:101 - UpdateFail
2021-03-02 04:09:32 INFO  TablePerClassTest:80 - UpdateSuccess
2021-03-02 04:09:32 DEBUG TablePerClassTest:91 - true
2021-03-02 04:09:32 DEBUG TablePerClassTest:92 - true
2021-03-02 04:09:32 INFO  TablePerClassTest:44 - DeleteSuccess
2021-03-02 04:09:32 DEBUG TablePerClassTest:51 - Author{id=5, firstName='Виктор', secondName='Иванович', lastName='Ткач', phone='83456789012', email='tkach@gmail.com', degree='docent', organization='Donstu'}
2021-03-02 04:09:32 DEBUG TablePerClassTest:52 - Employee{id=6, firstName='Иван', secondName='Иванович', lastName='Иванов', phone='81234567890'inn='123456789012', workRecordBook='1234567', emplpyeeType=CHIEF}
2021-03-02 04:09:32 DEBUG TablePerClassTest:55 - true
2021-03-02 04:09:32 DEBUG TablePerClassTest:56 - true
2021-03-02 04:09:32 INFO  TablePerClassTest:143 - ReadFail
2021-03-02 04:09:32 INFO  TablePerClassTest:118 - ReadSuccess
2021-03-02 04:09:33 DEBUG TablePerClassTest:128 - Author{id=7, firstName='Виктор', secondName='Иванович', lastName='Ткач', phone='83456789012', email='tkach@gmail.com', degree='docent', organization='Donstu'}
2021-03-02 04:09:33 DEBUG TablePerClassTest:130 - Employee{id=9, firstName='Иван', secondName='Иванович', lastName='Иванов', phone='81234567890'inn='123456789012', workRecordBook='1234567', emplpyeeType=CHIEF}
2021-03-02 04:09:33 DEBUG TablePerClassTest:133 - []
2021-03-02 04:09:33 DEBUG TablePerClassTest:137 - []
2021-03-02 04:09:33 INFO  TablePerClassTest:65 - DeleteFail
2021-03-02 04:09:33 INFO  TablePerClassTest:66 - DeleteSuccess
2021-03-02 04:09:33 DEBUG TablePerClassTest:71 - false
2021-03-02 04:09:33 INFO  TablePerClassTest:22 - saveSuccess
2021-03-02 04:09:33 DEBUG TablePerClassTest:29 - Author{id=12, firstName='Виктор', secondName='Иванович', lastName='Ткач', phone='83456789012', email='tkach@gmail.com', degree='docent', organization='Donstu'}
2021-03-02 04:09:33 DEBUG TablePerClassTest:30 - Employee{id=13, firstName='Иван', secondName='Иванович', lastName='Иванов', phone='81234567890'inn='123456789012', workRecordBook='1234567', emplpyeeType=CHIEF}
2021-03-02 04:09:33 INFO  TablePerClassTest:37 - GetByIdFail
2021-03-02 04:09:48 INFO  MappedSuperclassTest:103 - UpdateFail
2021-03-02 04:09:52 INFO  MappedSuperclassTest:82 - UpdateSuccess
2021-03-02 04:09:52 DEBUG MappedSuperclassTest:93 - true
2021-03-02 04:09:52 DEBUG MappedSuperclassTest:94 - true
2021-03-02 04:09:52 INFO  MappedSuperclassTest:46 - DeleteSuccess
2021-03-02 04:09:52 DEBUG MappedSuperclassTest:53 - Author{id=5, firstName='Виктор', secondName='Иванович', lastName='Ткач', phone='83456789012', email='tkach@gmail.com', degree='docent', organization='Donstu'}
2021-03-02 04:09:52 DEBUG MappedSuperclassTest:54 - Employee{id=6, firstName='Иван', secondName='Иванович', lastName='Иванов', phone='81234567890'inn='123456789012', workRecordBook='1234567', emplpyeeType=CHIEF}
2021-03-02 04:09:52 DEBUG MappedSuperclassTest:57 - true
2021-03-02 04:09:53 DEBUG MappedSuperclassTest:58 - true
2021-03-02 04:09:53 INFO  MappedSuperclassTest:139 - ReadFail
2021-03-02 04:09:53 INFO  MappedSuperclassTest:120 - ReadSuccess
2021-03-02 04:09:53 INFO  MappedSuperclassTest:67 - DeleteFail
2021-03-02 04:09:53 INFO  MappedSuperclassTest:68 - DeleteSuccess
2021-03-02 04:09:53 DEBUG MappedSuperclassTest:73 - false
2021-03-02 04:09:53 INFO  MappedSuperclassTest:24 - saveSuccess
2021-03-02 04:09:53 DEBUG MappedSuperclassTest:31 - Author{id=11, firstName='Виктор', secondName='Иванович', lastName='Ткач', phone='83456789012', email='tkach@gmail.com', degree='docent', organization='Donstu'}
2021-03-02 04:09:53 DEBUG MappedSuperclassTest:32 - Employee{id=12, firstName='Иван', secondName='Иванович', lastName='Иванов', phone='81234567890'inn='123456789012', workRecordBook='1234567', emplpyeeType=CHIEF}
2021-03-02 04:09:53 INFO  MappedSuperclassTest:39 - GetByIdFail
2021-03-02 04:26:16 INFO  SingleTableTest:101 - UpdateFail
2021-03-02 04:26:19 INFO  SingleTableTest:80 - UpdateSuccess
2021-03-02 04:26:19 INFO  SingleTableTest:44 - DeleteSuccess
2021-03-02 04:26:19 INFO  SingleTableTest:137 - ReadFail
2021-03-02 04:26:19 INFO  SingleTableTest:118 - ReadSuccess
2021-03-02 04:26:19 INFO  SingleTableTest:65 - DeleteFail
2021-03-02 04:26:19 INFO  SingleTableTest:66 - DeleteSuccess
2021-03-02 04:26:19 INFO  SingleTableTest:22 - saveSuccess
2021-03-02 04:26:19 INFO  SingleTableTest:37 - GetByIdFail
2021-03-02 04:27:06 INFO  SingleTableTest:101 - UpdateFail
2021-03-02 04:27:09 INFO  SingleTableTest:80 - UpdateSuccess
2021-03-02 04:27:10 DEBUG SingleTableTest:91 - true
2021-03-02 04:27:10 DEBUG SingleTableTest:92 - true
2021-03-02 04:27:10 INFO  SingleTableTest:44 - DeleteSuccess
2021-03-02 04:27:10 DEBUG SingleTableTest:51 - Author{id=5, firstName='Виктор', secondName='Иванович', lastName='Ткач', phone='83456789012', email='tkach@gmail.com', degree='docent', organization='Donstu'}
2021-03-02 04:27:10 DEBUG SingleTableTest:52 - Employee{id=6, firstName='Иван', secondName='Иванович', lastName='Иванов', phone='81234567890'inn='123456789012', workRecordBook='1234567', emplpyeeType=CHIEF}
2021-03-02 04:27:10 DEBUG SingleTableTest:55 - true
2021-03-02 04:27:10 DEBUG SingleTableTest:56 - true
2021-03-02 04:27:10 INFO  SingleTableTest:137 - ReadFail
2021-03-02 04:27:10 INFO  SingleTableTest:118 - ReadSuccess
2021-03-02 04:27:10 INFO  SingleTableTest:65 - DeleteFail
2021-03-02 04:27:10 INFO  SingleTableTest:66 - DeleteSuccess
2021-03-02 04:27:10 DEBUG SingleTableTest:71 - false
2021-03-02 04:27:10 INFO  SingleTableTest:22 - saveSuccess
2021-03-02 04:27:10 DEBUG SingleTableTest:29 - Author{id=11, firstName='Виктор', secondName='Иванович', lastName='Ткач', phone='83456789012', email='tkach@gmail.com', degree='docent', organization='Donstu'}
2021-03-02 04:27:10 DEBUG SingleTableTest:30 - Employee{id=12, firstName='Иван', secondName='Иванович', lastName='Иванов', phone='81234567890'inn='123456789012', workRecordBook='1234567', emplpyeeType=CHIEF}
2021-03-02 04:27:10 INFO  SingleTableTest:37 - GetByIdFail
2021-03-02 04:29:06 INFO  SingleTableTest:118 - ReadSuccess
2021-03-02 04:29:58 INFO  SingleTableTest:101 - UpdateFail
2021-03-02 04:30:02 INFO  SingleTableTest:80 - UpdateSuccess
2021-03-02 04:30:02 DEBUG SingleTableTest:91 - true
2021-03-02 04:30:02 DEBUG SingleTableTest:92 - true
2021-03-02 04:30:02 INFO  SingleTableTest:44 - DeleteSuccess
2021-03-02 04:30:02 DEBUG SingleTableTest:51 - Author{id=5, firstName='Виктор', secondName='Иванович', lastName='Ткач', phone='83456789012', email='tkach@gmail.com', degree='docent', organization='Donstu'}
2021-03-02 04:30:02 DEBUG SingleTableTest:52 - Employee{id=6, firstName='Иван', secondName='Иванович', lastName='Иванов', phone='81234567890'inn='123456789012', workRecordBook='1234567', emplpyeeType=CHIEF}
2021-03-02 04:30:02 DEBUG SingleTableTest:55 - true
2021-03-02 04:30:02 DEBUG SingleTableTest:56 - true
2021-03-02 04:30:02 INFO  SingleTableTest:137 - ReadFail
2021-03-02 04:30:03 INFO  SingleTableTest:118 - ReadSuccess
2021-03-02 04:30:03 INFO  SingleTableTest:65 - DeleteFail
2021-03-02 04:30:03 INFO  SingleTableTest:66 - DeleteSuccess
2021-03-02 04:30:03 DEBUG SingleTableTest:71 - false
2021-03-02 04:30:03 INFO  SingleTableTest:22 - saveSuccess
2021-03-02 04:30:03 DEBUG SingleTableTest:29 - Author{id=11, firstName='Виктор', secondName='Иванович', lastName='Ткач', phone='83456789012', email='tkach@gmail.com', degree='docent', organization='Donstu'}
2021-03-02 04:30:03 DEBUG SingleTableTest:30 - Employee{id=12, firstName='Иван', secondName='Иванович', lastName='Иванов', phone='81234567890'inn='123456789012', workRecordBook='1234567', emplpyeeType=CHIEF}
2021-03-02 04:30:03 INFO  SingleTableTest:37 - GetByIdFail
2021-03-02 04:39:06 INFO  JoinedTableTest:101 - UpdateFail
2021-03-02 04:39:11 INFO  JoinedTableTest:80 - UpdateSuccess
2021-03-02 04:39:11 DEBUG JoinedTableTest:91 - true
2021-03-02 04:39:11 DEBUG JoinedTableTest:92 - true
2021-03-02 04:39:11 INFO  JoinedTableTest:44 - DeleteSuccess
2021-03-02 04:39:11 DEBUG JoinedTableTest:51 - Author{id=5, firstName='Виктор', secondName='Иванович', lastName='Ткач', phone='83456789012', email='tkach@gmail.com', degree='docent', organization='Donstu'}
2021-03-02 04:39:11 DEBUG JoinedTableTest:52 - Employee{id=6, firstName='Иван', secondName='Иванович', lastName='Иванов', phone='81234567890'inn='123456789012', workRecordBook='1234567', emplpyeeType=CHIEF}
2021-03-02 04:39:11 DEBUG JoinedTableTest:55 - true
2021-03-02 04:39:11 DEBUG JoinedTableTest:56 - true
2021-03-02 04:39:11 INFO  JoinedTableTest:137 - ReadFail
2021-03-02 04:39:12 INFO  JoinedTableTest:118 - ReadSuccess
2021-03-02 04:39:12 INFO  JoinedTableTest:65 - DeleteFail
2021-03-02 04:39:12 INFO  JoinedTableTest:66 - DeleteSuccess
2021-03-02 04:39:12 DEBUG JoinedTableTest:71 - false
2021-03-02 04:39:12 INFO  JoinedTableTest:22 - saveSuccess
2021-03-02 04:39:12 DEBUG JoinedTableTest:29 - Author{id=11, firstName='Виктор', secondName='Иванович', lastName='Ткач', phone='83456789012', email='tkach@gmail.com', degree='docent', organization='Donstu'}
2021-03-02 04:39:12 DEBUG JoinedTableTest:30 - Employee{id=12, firstName='Иван', secondName='Иванович', lastName='Иванов', phone='81234567890'inn='123456789012', workRecordBook='1234567', emplpyeeType=CHIEF}
2021-03-02 04:39:12 INFO  JoinedTableTest:37 - GetByIdFail
2021-03-02 04:40:41 INFO  JoinedTableTest:118 - ReadSuccess
2021-03-02 04:41:31 INFO  JoinedTableTest:118 - ReadSuccess
